[WARN] 2015-11-03 15:48:49,109 org.springframework.web.servlet.PageNotFound noHandlerFound - No mapping found for HTTP request with URI [/twitt-1.0.0-BUILD-SNAPSHOT/scripts.js] in DispatcherServlet with name 'appServlet'
[WARN] 2015-11-03 15:48:53,411 org.springframework.web.servlet.PageNotFound noHandlerFound - No mapping found for HTTP request with URI [/twitt-1.0.0-BUILD-SNAPSHOT/scripts.js] in DispatcherServlet with name 'appServlet'
[WARN] 2015-11-03 15:48:55,003 org.springframework.web.servlet.PageNotFound noHandlerFound - No mapping found for HTTP request with URI [/twitt-1.0.0-BUILD-SNAPSHOT/scripts.js] in DispatcherServlet with name 'appServlet'
[WARN] 2015-11-03 15:48:56,445 org.springframework.web.servlet.PageNotFound noHandlerFound - No mapping found for HTTP request with URI [/twitt-1.0.0-BUILD-SNAPSHOT/scripts.js] in DispatcherServlet with name 'appServlet'
[WARN] 2015-11-03 15:48:58,140 org.springframework.web.servlet.PageNotFound noHandlerFound - No mapping found for HTTP request with URI [/twitt-1.0.0-BUILD-SNAPSHOT/scripts.js] in DispatcherServlet with name 'appServlet'
[WARN] 2015-11-03 15:48:59,202 org.springframework.web.servlet.PageNotFound noHandlerFound - No mapping found for HTTP request with URI [/twitt-1.0.0-BUILD-SNAPSHOT/scripts.js] in DispatcherServlet with name 'appServlet'
[WARN] 2015-11-03 15:50:39,210 org.springframework.web.servlet.PageNotFound noHandlerFound - No mapping found for HTTP request with URI [/twitt-1.0.0-BUILD-SNAPSHOT/scripts.js] in DispatcherServlet with name 'appServlet'
[WARN] 2015-11-03 15:50:40,668 org.springframework.web.servlet.PageNotFound noHandlerFound - No mapping found for HTTP request with URI [/twitt-1.0.0-BUILD-SNAPSHOT/scripts.js] in DispatcherServlet with name 'appServlet'
[WARN] 2015-11-03 15:50:41,788 org.springframework.web.servlet.PageNotFound noHandlerFound - No mapping found for HTTP request with URI [/twitt-1.0.0-BUILD-SNAPSHOT/scripts.js] in DispatcherServlet with name 'appServlet'
[WARN] 2015-11-03 15:50:43,257 org.springframework.web.servlet.PageNotFound noHandlerFound - No mapping found for HTTP request with URI [/twitt-1.0.0-BUILD-SNAPSHOT/scripts.js] in DispatcherServlet with name 'appServlet'
[INFO] 2015-11-03 16:03:40,377 org.springframework.web.context.support.XmlWebApplicationContext doClose - Closing WebApplicationContext for namespace 'appServlet-servlet': startup date [Tue Nov 03 15:39:30 EET 2015]; parent: Root WebApplicationContext
[INFO] 2015-11-03 16:03:40,386 org.springframework.web.context.support.XmlWebApplicationContext doClose - Closing Root WebApplicationContext: startup date [Tue Nov 03 15:39:30 EET 2015]; root of context hierarchy
[INFO] 2015-11-03 16:03:47,947 org.springframework.web.context.ContextLoader initWebApplicationContext - Root WebApplicationContext: initialization started
[INFO] 2015-11-03 16:03:48,029 org.springframework.web.context.support.XmlWebApplicationContext prepareRefresh - Refreshing Root WebApplicationContext: startup date [Tue Nov 03 16:03:48 EET 2015]; root of context hierarchy
[INFO] 2015-11-03 16:03:48,077 org.springframework.beans.factory.xml.XmlBeanDefinitionReader loadBeanDefinitions - Loading XML bean definitions from ServletContext resource [/WEB-INF/spring/root-context.xml]
[INFO] 2015-11-03 16:03:48,115 org.springframework.web.context.ContextLoader initWebApplicationContext - Root WebApplicationContext: initialization completed in 166 ms
[INFO] 2015-11-03 16:03:48,172 org.springframework.web.servlet.DispatcherServlet initServletBean - FrameworkServlet 'appServlet': initialization started
[INFO] 2015-11-03 16:03:48,175 org.springframework.web.context.support.XmlWebApplicationContext prepareRefresh - Refreshing WebApplicationContext for namespace 'appServlet-servlet': startup date [Tue Nov 03 16:03:48 EET 2015]; parent: Root WebApplicationContext
[INFO] 2015-11-03 16:03:48,177 org.springframework.beans.factory.xml.XmlBeanDefinitionReader loadBeanDefinitions - Loading XML bean definitions from ServletContext resource [/WEB-INF/spring/appServlet/servlet-context.xml]
[INFO] 2015-11-03 16:03:48,484 org.springframework.beans.factory.annotation.AutowiredAnnotationBeanPostProcessor <init> - JSR-330 'javax.inject.Inject' annotation found and supported for autowiring
[INFO] 2015-11-03 16:03:48,689 org.springframework.web.servlet.mvc.method.annotation.RequestMappingHandlerMapping registerHandlerMethod - Mapped "{[/admin],methods=[GET],params=[],headers=[],consumes=[],produces=[],custom=[]}" onto public java.lang.String com.endava.twitt.AdminController.admin(javax.servlet.http.HttpSession,org.springframework.ui.Model)
[INFO] 2015-11-03 16:03:48,690 org.springframework.web.servlet.mvc.method.annotation.RequestMappingHandlerMapping registerHandlerMethod - Mapped "{[/userstweet_admin],methods=[GET],params=[],headers=[],consumes=[],produces=[],custom=[]}" onto public org.springframework.web.servlet.ModelAndView com.endava.twitt.AdminController.viweTweetOfUser(javax.servlet.http.HttpSession,java.lang.String)
[INFO] 2015-11-03 16:03:48,691 org.springframework.web.servlet.mvc.method.annotation.RequestMappingHandlerMapping registerHandlerMethod - Mapped "{[/delite_user],methods=[GET],params=[],headers=[],consumes=[],produces=[],custom=[]}" onto public java.lang.String com.endava.twitt.AdminController.deliteUser(javax.servlet.http.HttpSession,java.lang.String)
[INFO] 2015-11-03 16:03:48,691 org.springframework.web.servlet.mvc.method.annotation.RequestMappingHandlerMapping registerHandlerMethod - Mapped "{[/delite_user_tweet],methods=[GET],params=[],headers=[],consumes=[],produces=[],custom=[]}" onto public java.lang.String com.endava.twitt.AdminController.deleteMyTweet(org.springframework.ui.Model,javax.servlet.http.HttpSession,java.lang.Integer,java.lang.String,java.lang.String)
[INFO] 2015-11-03 16:03:48,692 org.springframework.web.servlet.mvc.method.annotation.RequestMappingHandlerMapping registerHandlerMethod - Mapped "{[/personTweetsAdmin],methods=[GET],params=[],headers=[],consumes=[],produces=[],custom=[]}" onto public java.lang.String com.endava.twitt.AdminController.personMyTweet(org.springframework.ui.Model,javax.servlet.http.HttpSession)
[INFO] 2015-11-03 16:03:48,695 org.springframework.web.servlet.mvc.method.annotation.RequestMappingHandlerMapping registerHandlerMethod - Mapped "{[/home],methods=[GET],params=[],headers=[],consumes=[],produces=[],custom=[]}" onto public java.lang.String com.endava.twitt.LoginController.home(javax.servlet.http.HttpSession,org.springframework.ui.Model)
[INFO] 2015-11-03 16:03:48,695 org.springframework.web.servlet.mvc.method.annotation.RequestMappingHandlerMapping registerHandlerMethod - Mapped "{[/logout],methods=[GET],params=[],headers=[],consumes=[],produces=[],custom=[]}" onto public java.lang.String com.endava.twitt.LoginController.logout(javax.servlet.http.HttpSession)
[INFO] 2015-11-03 16:03:48,696 org.springframework.web.servlet.mvc.method.annotation.RequestMappingHandlerMapping registerHandlerMethod - Mapped "{[/login],methods=[POST],params=[],headers=[],consumes=[],produces=[],custom=[]}" onto public java.lang.String com.endava.twitt.LoginController.verifyLogin(java.lang.String,java.lang.String,javax.servlet.http.HttpSession,org.springframework.ui.Model)
[INFO] 2015-11-03 16:03:48,696 org.springframework.web.servlet.mvc.method.annotation.RequestMappingHandlerMapping registerHandlerMethod - Mapped "{[/loginTest],methods=[POST],params=[],headers=[],consumes=[],produces=[],custom=[]}" onto public java.lang.String com.endava.twitt.LoginController.loginTest()
[INFO] 2015-11-03 16:03:48,697 org.springframework.web.servlet.mvc.method.annotation.RequestMappingHandlerMapping registerHandlerMethod - Mapped "{[/login],methods=[GET],params=[],headers=[],consumes=[],produces=[],custom=[]}" onto public java.lang.String com.endava.twitt.LoginController.loginShowForm()
[INFO] 2015-11-03 16:03:48,697 org.springframework.web.servlet.mvc.method.annotation.RequestMappingHandlerMapping registerHandlerMethod - Mapped "{[/paginateTweets],methods=[GET],params=[],headers=[],consumes=[],produces=[],custom=[]}" onto public java.lang.String com.endava.twitt.LoginController.paginating(javax.servlet.http.HttpSession,java.lang.Integer,java.lang.Integer,java.lang.String,java.lang.String,org.springframework.ui.Model)
[INFO] 2015-11-03 16:03:48,700 org.springframework.web.servlet.mvc.method.annotation.RequestMappingHandlerMapping registerHandlerMethod - Mapped "{[/personTweets],methods=[GET],params=[],headers=[],consumes=[],produces=[],custom=[]}" onto public java.lang.String com.endava.twitt.TweetsController.ListOfUsersTweets(org.springframework.ui.Model,javax.servlet.http.HttpSession)
[INFO] 2015-11-03 16:03:48,700 org.springframework.web.servlet.mvc.method.annotation.RequestMappingHandlerMapping registerHandlerMethod - Mapped "{[/userstweet],methods=[GET],params=[],headers=[],consumes=[],produces=[],custom=[]}" onto public org.springframework.web.servlet.ModelAndView com.endava.twitt.TweetsController.viweTweetOfUser(javax.servlet.http.HttpSession,java.lang.String)
[INFO] 2015-11-03 16:03:48,700 org.springframework.web.servlet.mvc.method.annotation.RequestMappingHandlerMapping registerHandlerMethod - Mapped "{[/deletemytweet],methods=[GET],params=[],headers=[],consumes=[],produces=[],custom=[]}" onto public java.lang.String com.endava.twitt.TweetsController.deleteMyTweet(org.springframework.ui.Model,javax.servlet.http.HttpSession,java.lang.Integer,java.lang.String,java.lang.String)
[INFO] 2015-11-03 16:03:48,700 org.springframework.web.servlet.mvc.method.annotation.RequestMappingHandlerMapping registerHandlerMethod - Mapped "{[/tweets],methods=[POST],params=[],headers=[],consumes=[],produces=[],custom=[]}" onto public java.lang.String com.endava.twitt.TweetsController.addTweet(java.lang.String,java.lang.String,javax.servlet.http.HttpSession,org.springframework.ui.Model)
[INFO] 2015-11-03 16:03:48,700 org.springframework.web.servlet.mvc.method.annotation.RequestMappingHandlerMapping registerHandlerMethod - Mapped "{[/tweetsviwe],methods=[GET],params=[],headers=[],consumes=[],produces=[],custom=[]}" onto public java.lang.String com.endava.twitt.TweetsController.viweTweet(javax.servlet.http.HttpSession,org.springframework.ui.Model)
[INFO] 2015-11-03 16:03:48,700 org.springframework.web.servlet.mvc.method.annotation.RequestMappingHandlerMapping registerHandlerMethod - Mapped "{[/paginateTweetsUser],methods=[GET],params=[],headers=[],consumes=[],produces=[],custom=[]}" onto public java.lang.String com.endava.twitt.TweetsController.paginating(javax.servlet.http.HttpSession,java.lang.Integer,java.lang.Integer,java.lang.String,java.lang.String,org.springframework.ui.Model)
[INFO] 2015-11-03 16:03:48,700 org.springframework.web.servlet.mvc.method.annotation.RequestMappingHandlerMapping registerHandlerMethod - Mapped "{[/editmytweet],methods=[GET],params=[],headers=[],consumes=[],produces=[],custom=[]}" onto public java.lang.String com.endava.twitt.TweetsController.editTweet(org.springframework.ui.Model,javax.servlet.http.HttpSession,java.lang.String,java.lang.Integer)
[INFO] 2015-11-03 16:03:48,700 org.springframework.web.servlet.mvc.method.annotation.RequestMappingHandlerMapping registerHandlerMethod - Mapped "{[/saveUpdatedTweet],methods=[POST],params=[],headers=[],consumes=[],produces=[],custom=[]}" onto public java.lang.String com.endava.twitt.TweetsController.saveEditedTweet(org.springframework.ui.Model,javax.servlet.http.HttpSession,java.lang.Integer,java.lang.String,java.lang.String)
[INFO] 2015-11-03 16:03:48,700 org.springframework.web.servlet.mvc.method.annotation.RequestMappingHandlerMapping registerHandlerMethod - Mapped "{[/changeProfile],methods=[],params=[],headers=[],consumes=[],produces=[],custom=[]}" onto public java.lang.String com.endava.twitt.UserController.changeUserProfile(com.endava.twitt.models.User,org.springframework.validation.BindingResult,javax.servlet.http.HttpSession,org.springframework.ui.Model)
[INFO] 2015-11-03 16:03:48,700 org.springframework.web.servlet.mvc.method.annotation.RequestMappingHandlerMapping registerHandlerMethod - Mapped "{[/delete],methods=[],params=[],headers=[],consumes=[],produces=[],custom=[]}" onto public java.lang.String com.endava.twitt.UserController.deleteUser(java.lang.String,javax.servlet.http.HttpSession)
[INFO] 2015-11-03 16:03:48,700 org.springframework.web.servlet.mvc.method.annotation.RequestMappingHandlerMapping registerHandlerMethod - Mapped "{[/editUserProfile],methods=[],params=[],headers=[],consumes=[],produces=[],custom=[]}" onto public java.lang.String com.endava.twitt.UserController.editUserProfile(java.lang.String,javax.servlet.http.HttpSession)
[INFO] 2015-11-03 16:03:48,700 org.springframework.web.servlet.mvc.method.annotation.RequestMappingHandlerMapping registerHandlerMethod - Mapped "{[/users],methods=[GET],params=[],headers=[],consumes=[],produces=[],custom=[]}" onto public java.lang.String com.endava.twitt.UserController.listUsers(javax.servlet.http.HttpSession,org.springframework.ui.Model)
[INFO] 2015-11-03 16:03:48,700 org.springframework.web.servlet.mvc.method.annotation.RequestMappingHandlerMapping registerHandlerMethod - Mapped "{[/signup],methods=[POST],params=[],headers=[],consumes=[],produces=[],custom=[]}" onto public java.lang.String com.endava.twitt.UserController.addUser(com.endava.twitt.models.User,org.springframework.validation.BindingResult,org.springframework.ui.Model)
[INFO] 2015-11-03 16:03:48,700 org.springframework.web.servlet.mvc.method.annotation.RequestMappingHandlerMapping registerHandlerMethod - Mapped "{[/follow],methods=[],params=[],headers=[],consumes=[],produces=[],custom=[]}" onto public java.lang.String com.endava.twitt.UserController.followUser(java.lang.String,java.lang.String,javax.servlet.http.HttpSession,org.springframework.ui.Model)
[INFO] 2015-11-03 16:03:48,700 org.springframework.web.servlet.mvc.method.annotation.RequestMappingHandlerMapping registerHandlerMethod - Mapped "{[/deletefollowed],methods=[GET],params=[],headers=[],consumes=[],produces=[],custom=[]}" onto public java.lang.String com.endava.twitt.UserController.deletefollowed(org.springframework.ui.Model,javax.servlet.http.HttpSession,java.lang.Integer,java.lang.String,java.lang.String)
[INFO] 2015-11-03 16:03:48,700 org.springframework.web.servlet.mvc.method.annotation.RequestMappingHandlerMapping registerHandlerMethod - Mapped "{[/followedusers],methods=[GET],params=[],headers=[],consumes=[],produces=[],custom=[]}" onto public java.lang.String com.endava.twitt.UserController.viewFollowees(javax.servlet.http.HttpSession,org.springframework.ui.Model)
[INFO] 2015-11-03 16:03:48,700 org.springframework.web.servlet.mvc.method.annotation.RequestMappingHandlerMapping registerHandlerMethod - Mapped "{[/],methods=[GET],params=[],headers=[],consumes=[],produces=[],custom=[]}" onto public java.lang.String com.endava.twitt.WebController.index(javax.servlet.http.HttpSession)
[INFO] 2015-11-03 16:03:48,700 org.springframework.web.servlet.mvc.method.annotation.RequestMappingHandlerMapping registerHandlerMethod - Mapped "{[/error_page],methods=[POST],params=[],headers=[],consumes=[],produces=[],custom=[]}" onto public java.lang.String com.endava.twitt.WebController.errorPagePost(javax.servlet.http.HttpSession)
[INFO] 2015-11-03 16:03:48,700 org.springframework.web.servlet.mvc.method.annotation.RequestMappingHandlerMapping registerHandlerMethod - Mapped "{[/error_page],methods=[GET],params=[],headers=[],consumes=[],produces=[],custom=[]}" onto public java.lang.String com.endava.twitt.WebController.errorPageGet(javax.servlet.http.HttpSession)
[INFO] 2015-11-03 16:03:48,750 org.hibernate.validator.internal.util.Version <clinit> - HV000001: Hibernate Validator 4.3.2.Final
[INFO] 2015-11-03 16:03:48,967 org.springframework.web.servlet.handler.SimpleUrlHandlerMapping registerHandler - Mapped URL path [/resources/**] onto handler 'org.springframework.web.servlet.resource.ResourceHttpRequestHandler#0'
[INFO] 2015-11-03 16:03:48,998 org.springframework.jdbc.datasource.DriverManagerDataSource setDriverClassName - Loaded JDBC driver: com.mysql.jdbc.Driver
[INFO] 2015-11-03 16:03:49,168 org.hibernate.annotations.common.Version <clinit> - HCANN000001: Hibernate Commons Annotations {4.0.4.Final}
[INFO] 2015-11-03 16:03:49,176 org.hibernate.Version logVersion - HHH000412: Hibernate Core {4.3.11.Final}
[INFO] 2015-11-03 16:03:49,179 org.hibernate.cfg.Environment <clinit> - HHH000206: hibernate.properties not found
[INFO] 2015-11-03 16:03:49,181 org.hibernate.cfg.Environment buildBytecodeProvider - HHH000021: Bytecode provider name : javassist
[INFO] 2015-11-03 16:03:49,600 org.hibernate.dialect.Dialect <init> - HHH000400: Using dialect: org.hibernate.dialect.MySQLDialect
[INFO] 2015-11-03 16:03:49,615 org.hibernate.engine.jdbc.internal.LobCreatorBuilder useContextualLobCreation - HHH000423: Disabling contextual LOB creation as JDBC driver reported JDBC version [3] less than 4
[INFO] 2015-11-03 16:03:49,850 org.hibernate.engine.transaction.internal.TransactionFactoryInitiator initiateService - HHH000399: Using default transaction strategy (direct JDBC transactions)
[INFO] 2015-11-03 16:03:49,858 org.hibernate.hql.internal.ast.ASTQueryTranslatorFactory <init> - HHH000397: Using ASTQueryTranslatorFactory
[INFO] 2015-11-03 16:03:50,429 com.endava.twitt.models.TestConnectionToDB <init> - Successful Connection to Database with name Test.
[INFO] 2015-11-03 16:03:50,465 org.springframework.orm.hibernate4.HibernateTransactionManager afterPropertiesSet - Using DataSource [org.springframework.jdbc.datasource.DriverManagerDataSource@df76715] of Hibernate SessionFactory for HibernateTransactionManager
[INFO] 2015-11-03 16:03:50,484 org.springframework.web.servlet.DispatcherServlet initServletBean - FrameworkServlet 'appServlet': initialization completed in 2312 ms
[WARN] 2015-11-03 16:05:31,067 org.springframework.web.servlet.PageNotFound noHandlerFound - No mapping found for HTTP request with URI [/twitt-1.0.0-BUILD-SNAPSHOT/scripts.js] in DispatcherServlet with name 'appServlet'
[WARN] 2015-11-03 16:05:35,391 org.springframework.web.servlet.PageNotFound noHandlerFound - No mapping found for HTTP request with URI [/twitt-1.0.0-BUILD-SNAPSHOT/scripts.js] in DispatcherServlet with name 'appServlet'
[WARN] 2015-11-03 16:05:36,904 org.springframework.web.servlet.PageNotFound noHandlerFound - No mapping found for HTTP request with URI [/twitt-1.0.0-BUILD-SNAPSHOT/scripts.js] in DispatcherServlet with name 'appServlet'
[WARN] 2015-11-03 16:05:41,459 org.springframework.web.servlet.PageNotFound noHandlerFound - No mapping found for HTTP request with URI [/twitt-1.0.0-BUILD-SNAPSHOT/scripts.js] in DispatcherServlet with name 'appServlet'
[WARN] 2015-11-03 16:05:42,439 org.springframework.web.servlet.PageNotFound noHandlerFound - No mapping found for HTTP request with URI [/twitt-1.0.0-BUILD-SNAPSHOT/scripts.js] in DispatcherServlet with name 'appServlet'
[INFO] 2015-11-03 16:05:45,638 com.endava.twitt.LoginController logout - User log out succesfully
[INFO] 2015-11-03 16:08:14,650 org.springframework.web.context.support.XmlWebApplicationContext doClose - Closing WebApplicationContext for namespace 'appServlet-servlet': startup date [Tue Nov 03 16:03:48 EET 2015]; parent: Root WebApplicationContext
[INFO] 2015-11-03 16:08:14,667 org.springframework.web.context.support.XmlWebApplicationContext doClose - Closing Root WebApplicationContext: startup date [Tue Nov 03 16:03:48 EET 2015]; root of context hierarchy
[INFO] 2015-11-03 16:08:21,881 org.springframework.web.context.ContextLoader initWebApplicationContext - Root WebApplicationContext: initialization started
[INFO] 2015-11-03 16:08:21,982 org.springframework.web.context.support.XmlWebApplicationContext prepareRefresh - Refreshing Root WebApplicationContext: startup date [Tue Nov 03 16:08:21 EET 2015]; root of context hierarchy
[INFO] 2015-11-03 16:08:22,013 org.springframework.beans.factory.xml.XmlBeanDefinitionReader loadBeanDefinitions - Loading XML bean definitions from ServletContext resource [/WEB-INF/spring/root-context.xml]
[INFO] 2015-11-03 16:08:22,088 org.springframework.web.context.ContextLoader initWebApplicationContext - Root WebApplicationContext: initialization completed in 204 ms
[INFO] 2015-11-03 16:08:22,128 org.springframework.web.servlet.DispatcherServlet initServletBean - FrameworkServlet 'appServlet': initialization started
[INFO] 2015-11-03 16:08:22,128 org.springframework.web.context.support.XmlWebApplicationContext prepareRefresh - Refreshing WebApplicationContext for namespace 'appServlet-servlet': startup date [Tue Nov 03 16:08:22 EET 2015]; parent: Root WebApplicationContext
[INFO] 2015-11-03 16:08:22,128 org.springframework.beans.factory.xml.XmlBeanDefinitionReader loadBeanDefinitions - Loading XML bean definitions from ServletContext resource [/WEB-INF/spring/appServlet/servlet-context.xml]
[INFO] 2015-11-03 16:08:22,446 org.springframework.beans.factory.annotation.AutowiredAnnotationBeanPostProcessor <init> - JSR-330 'javax.inject.Inject' annotation found and supported for autowiring
[INFO] 2015-11-03 16:08:22,646 org.springframework.web.servlet.mvc.method.annotation.RequestMappingHandlerMapping registerHandlerMethod - Mapped "{[/admin],methods=[GET],params=[],headers=[],consumes=[],produces=[],custom=[]}" onto public java.lang.String com.endava.twitt.AdminController.admin(javax.servlet.http.HttpSession,org.springframework.ui.Model)
[INFO] 2015-11-03 16:08:22,647 org.springframework.web.servlet.mvc.method.annotation.RequestMappingHandlerMapping registerHandlerMethod - Mapped "{[/userstweet_admin],methods=[GET],params=[],headers=[],consumes=[],produces=[],custom=[]}" onto public org.springframework.web.servlet.ModelAndView com.endava.twitt.AdminController.viweTweetOfUser(javax.servlet.http.HttpSession,java.lang.String)
[INFO] 2015-11-03 16:08:22,647 org.springframework.web.servlet.mvc.method.annotation.RequestMappingHandlerMapping registerHandlerMethod - Mapped "{[/delite_user],methods=[GET],params=[],headers=[],consumes=[],produces=[],custom=[]}" onto public java.lang.String com.endava.twitt.AdminController.deliteUser(javax.servlet.http.HttpSession,java.lang.String)
[INFO] 2015-11-03 16:08:22,648 org.springframework.web.servlet.mvc.method.annotation.RequestMappingHandlerMapping registerHandlerMethod - Mapped "{[/delite_user_tweet],methods=[GET],params=[],headers=[],consumes=[],produces=[],custom=[]}" onto public java.lang.String com.endava.twitt.AdminController.deleteMyTweet(org.springframework.ui.Model,javax.servlet.http.HttpSession,java.lang.Integer,java.lang.String,java.lang.String)
[INFO] 2015-11-03 16:08:22,648 org.springframework.web.servlet.mvc.method.annotation.RequestMappingHandlerMapping registerHandlerMethod - Mapped "{[/personTweetsAdmin],methods=[GET],params=[],headers=[],consumes=[],produces=[],custom=[]}" onto public java.lang.String com.endava.twitt.AdminController.personMyTweet(org.springframework.ui.Model,javax.servlet.http.HttpSession)
[INFO] 2015-11-03 16:08:22,652 org.springframework.web.servlet.mvc.method.annotation.RequestMappingHandlerMapping registerHandlerMethod - Mapped "{[/home],methods=[GET],params=[],headers=[],consumes=[],produces=[],custom=[]}" onto public java.lang.String com.endava.twitt.LoginController.home(javax.servlet.http.HttpSession,org.springframework.ui.Model)
[INFO] 2015-11-03 16:08:22,652 org.springframework.web.servlet.mvc.method.annotation.RequestMappingHandlerMapping registerHandlerMethod - Mapped "{[/logout],methods=[GET],params=[],headers=[],consumes=[],produces=[],custom=[]}" onto public java.lang.String com.endava.twitt.LoginController.logout(javax.servlet.http.HttpSession)
[INFO] 2015-11-03 16:08:22,653 org.springframework.web.servlet.mvc.method.annotation.RequestMappingHandlerMapping registerHandlerMethod - Mapped "{[/login],methods=[POST],params=[],headers=[],consumes=[],produces=[],custom=[]}" onto public java.lang.String com.endava.twitt.LoginController.verifyLogin(java.lang.String,java.lang.String,javax.servlet.http.HttpSession,org.springframework.ui.Model)
[INFO] 2015-11-03 16:08:22,653 org.springframework.web.servlet.mvc.method.annotation.RequestMappingHandlerMapping registerHandlerMethod - Mapped "{[/loginTest],methods=[POST],params=[],headers=[],consumes=[],produces=[],custom=[]}" onto public java.lang.String com.endava.twitt.LoginController.loginTest()
[INFO] 2015-11-03 16:08:22,654 org.springframework.web.servlet.mvc.method.annotation.RequestMappingHandlerMapping registerHandlerMethod - Mapped "{[/login],methods=[GET],params=[],headers=[],consumes=[],produces=[],custom=[]}" onto public java.lang.String com.endava.twitt.LoginController.loginShowForm()
[INFO] 2015-11-03 16:08:22,654 org.springframework.web.servlet.mvc.method.annotation.RequestMappingHandlerMapping registerHandlerMethod - Mapped "{[/paginateTweets],methods=[GET],params=[],headers=[],consumes=[],produces=[],custom=[]}" onto public java.lang.String com.endava.twitt.LoginController.paginating(javax.servlet.http.HttpSession,java.lang.Integer,java.lang.Integer,java.lang.String,java.lang.String,org.springframework.ui.Model)
[INFO] 2015-11-03 16:08:22,658 org.springframework.web.servlet.mvc.method.annotation.RequestMappingHandlerMapping registerHandlerMethod - Mapped "{[/personTweets],methods=[GET],params=[],headers=[],consumes=[],produces=[],custom=[]}" onto public java.lang.String com.endava.twitt.TweetsController.ListOfUsersTweets(org.springframework.ui.Model,javax.servlet.http.HttpSession)
[INFO] 2015-11-03 16:08:22,658 org.springframework.web.servlet.mvc.method.annotation.RequestMappingHandlerMapping registerHandlerMethod - Mapped "{[/userstweet],methods=[GET],params=[],headers=[],consumes=[],produces=[],custom=[]}" onto public org.springframework.web.servlet.ModelAndView com.endava.twitt.TweetsController.viweTweetOfUser(javax.servlet.http.HttpSession,java.lang.String)
[INFO] 2015-11-03 16:08:22,659 org.springframework.web.servlet.mvc.method.annotation.RequestMappingHandlerMapping registerHandlerMethod - Mapped "{[/deletemytweet],methods=[GET],params=[],headers=[],consumes=[],produces=[],custom=[]}" onto public java.lang.String com.endava.twitt.TweetsController.deleteMyTweet(org.springframework.ui.Model,javax.servlet.http.HttpSession,java.lang.Integer,java.lang.String,java.lang.String)
[INFO] 2015-11-03 16:08:22,659 org.springframework.web.servlet.mvc.method.annotation.RequestMappingHandlerMapping registerHandlerMethod - Mapped "{[/tweets],methods=[POST],params=[],headers=[],consumes=[],produces=[],custom=[]}" onto public java.lang.String com.endava.twitt.TweetsController.addTweet(java.lang.String,java.lang.String,javax.servlet.http.HttpSession,org.springframework.ui.Model)
[INFO] 2015-11-03 16:08:22,659 org.springframework.web.servlet.mvc.method.annotation.RequestMappingHandlerMapping registerHandlerMethod - Mapped "{[/tweetsviwe],methods=[GET],params=[],headers=[],consumes=[],produces=[],custom=[]}" onto public java.lang.String com.endava.twitt.TweetsController.viweTweet(javax.servlet.http.HttpSession,org.springframework.ui.Model)
[INFO] 2015-11-03 16:08:22,660 org.springframework.web.servlet.mvc.method.annotation.RequestMappingHandlerMapping registerHandlerMethod - Mapped "{[/paginateTweetsUser],methods=[GET],params=[],headers=[],consumes=[],produces=[],custom=[]}" onto public java.lang.String com.endava.twitt.TweetsController.paginating(javax.servlet.http.HttpSession,java.lang.Integer,java.lang.Integer,java.lang.String,java.lang.String,org.springframework.ui.Model)
[INFO] 2015-11-03 16:08:22,661 org.springframework.web.servlet.mvc.method.annotation.RequestMappingHandlerMapping registerHandlerMethod - Mapped "{[/editmytweet],methods=[GET],params=[],headers=[],consumes=[],produces=[],custom=[]}" onto public java.lang.String com.endava.twitt.TweetsController.editTweet(org.springframework.ui.Model,javax.servlet.http.HttpSession,java.lang.String,java.lang.Integer)
[INFO] 2015-11-03 16:08:22,661 org.springframework.web.servlet.mvc.method.annotation.RequestMappingHandlerMapping registerHandlerMethod - Mapped "{[/saveUpdatedTweet],methods=[POST],params=[],headers=[],consumes=[],produces=[],custom=[]}" onto public java.lang.String com.endava.twitt.TweetsController.saveEditedTweet(org.springframework.ui.Model,javax.servlet.http.HttpSession,java.lang.Integer,java.lang.String,java.lang.String)
[INFO] 2015-11-03 16:08:22,664 org.springframework.web.servlet.mvc.method.annotation.RequestMappingHandlerMapping registerHandlerMethod - Mapped "{[/changeProfile],methods=[],params=[],headers=[],consumes=[],produces=[],custom=[]}" onto public java.lang.String com.endava.twitt.UserController.changeUserProfile(com.endava.twitt.models.User,org.springframework.validation.BindingResult,javax.servlet.http.HttpSession,org.springframework.ui.Model)
[INFO] 2015-11-03 16:08:22,665 org.springframework.web.servlet.mvc.method.annotation.RequestMappingHandlerMapping registerHandlerMethod - Mapped "{[/delete],methods=[],params=[],headers=[],consumes=[],produces=[],custom=[]}" onto public java.lang.String com.endava.twitt.UserController.deleteUser(java.lang.String,javax.servlet.http.HttpSession)
[INFO] 2015-11-03 16:08:22,665 org.springframework.web.servlet.mvc.method.annotation.RequestMappingHandlerMapping registerHandlerMethod - Mapped "{[/editUserProfile],methods=[],params=[],headers=[],consumes=[],produces=[],custom=[]}" onto public java.lang.String com.endava.twitt.UserController.editUserProfile(java.lang.String,javax.servlet.http.HttpSession)
[INFO] 2015-11-03 16:08:22,666 org.springframework.web.servlet.mvc.method.annotation.RequestMappingHandlerMapping registerHandlerMethod - Mapped "{[/users],methods=[GET],params=[],headers=[],consumes=[],produces=[],custom=[]}" onto public java.lang.String com.endava.twitt.UserController.listUsers(javax.servlet.http.HttpSession,org.springframework.ui.Model)
[INFO] 2015-11-03 16:08:22,666 org.springframework.web.servlet.mvc.method.annotation.RequestMappingHandlerMapping registerHandlerMethod - Mapped "{[/signup],methods=[POST],params=[],headers=[],consumes=[],produces=[],custom=[]}" onto public java.lang.String com.endava.twitt.UserController.addUser(com.endava.twitt.models.User,org.springframework.validation.BindingResult,org.springframework.ui.Model)
[INFO] 2015-11-03 16:08:22,667 org.springframework.web.servlet.mvc.method.annotation.RequestMappingHandlerMapping registerHandlerMethod - Mapped "{[/follow],methods=[],params=[],headers=[],consumes=[],produces=[],custom=[]}" onto public java.lang.String com.endava.twitt.UserController.followUser(java.lang.String,java.lang.String,javax.servlet.http.HttpSession,org.springframework.ui.Model)
[INFO] 2015-11-03 16:08:22,667 org.springframework.web.servlet.mvc.method.annotation.RequestMappingHandlerMapping registerHandlerMethod - Mapped "{[/deletefollowed],methods=[GET],params=[],headers=[],consumes=[],produces=[],custom=[]}" onto public java.lang.String com.endava.twitt.UserController.deletefollowed(org.springframework.ui.Model,javax.servlet.http.HttpSession,java.lang.Integer,java.lang.String,java.lang.String)
[INFO] 2015-11-03 16:08:22,668 org.springframework.web.servlet.mvc.method.annotation.RequestMappingHandlerMapping registerHandlerMethod - Mapped "{[/followedusers],methods=[GET],params=[],headers=[],consumes=[],produces=[],custom=[]}" onto public java.lang.String com.endava.twitt.UserController.viewFollowees(javax.servlet.http.HttpSession,org.springframework.ui.Model)
[INFO] 2015-11-03 16:08:22,669 org.springframework.web.servlet.mvc.method.annotation.RequestMappingHandlerMapping registerHandlerMethod - Mapped "{[/],methods=[GET],params=[],headers=[],consumes=[],produces=[],custom=[]}" onto public java.lang.String com.endava.twitt.WebController.index(javax.servlet.http.HttpSession)
[INFO] 2015-11-03 16:08:22,669 org.springframework.web.servlet.mvc.method.annotation.RequestMappingHandlerMapping registerHandlerMethod - Mapped "{[/error_page],methods=[POST],params=[],headers=[],consumes=[],produces=[],custom=[]}" onto public java.lang.String com.endava.twitt.WebController.errorPagePost(javax.servlet.http.HttpSession)
[INFO] 2015-11-03 16:08:22,670 org.springframework.web.servlet.mvc.method.annotation.RequestMappingHandlerMapping registerHandlerMethod - Mapped "{[/error_page],methods=[GET],params=[],headers=[],consumes=[],produces=[],custom=[]}" onto public java.lang.String com.endava.twitt.WebController.errorPageGet(javax.servlet.http.HttpSession)
[INFO] 2015-11-03 16:08:22,696 org.hibernate.validator.internal.util.Version <clinit> - HV000001: Hibernate Validator 4.3.2.Final
[INFO] 2015-11-03 16:08:22,930 org.springframework.web.servlet.handler.SimpleUrlHandlerMapping registerHandler - Mapped URL path [/resources/**] onto handler 'org.springframework.web.servlet.resource.ResourceHttpRequestHandler#0'
[INFO] 2015-11-03 16:08:22,978 org.springframework.jdbc.datasource.DriverManagerDataSource setDriverClassName - Loaded JDBC driver: com.mysql.jdbc.Driver
[INFO] 2015-11-03 16:08:23,128 org.hibernate.annotations.common.Version <clinit> - HCANN000001: Hibernate Commons Annotations {4.0.4.Final}
[INFO] 2015-11-03 16:08:23,146 org.hibernate.Version logVersion - HHH000412: Hibernate Core {4.3.11.Final}
[INFO] 2015-11-03 16:08:23,150 org.hibernate.cfg.Environment <clinit> - HHH000206: hibernate.properties not found
[INFO] 2015-11-03 16:08:23,153 org.hibernate.cfg.Environment buildBytecodeProvider - HHH000021: Bytecode provider name : javassist
[INFO] 2015-11-03 16:08:23,528 org.hibernate.dialect.Dialect <init> - HHH000400: Using dialect: org.hibernate.dialect.MySQLDialect
[INFO] 2015-11-03 16:08:23,558 org.hibernate.engine.jdbc.internal.LobCreatorBuilder useContextualLobCreation - HHH000423: Disabling contextual LOB creation as JDBC driver reported JDBC version [3] less than 4
[INFO] 2015-11-03 16:08:24,187 org.hibernate.engine.transaction.internal.TransactionFactoryInitiator initiateService - HHH000399: Using default transaction strategy (direct JDBC transactions)
[INFO] 2015-11-03 16:08:24,196 org.hibernate.hql.internal.ast.ASTQueryTranslatorFactory <init> - HHH000397: Using ASTQueryTranslatorFactory
[INFO] 2015-11-03 16:08:24,795 com.endava.twitt.models.TestConnectionToDB <init> - Successful Connection to Database with name Test.
[INFO] 2015-11-03 16:08:24,811 org.springframework.orm.hibernate4.HibernateTransactionManager afterPropertiesSet - Using DataSource [org.springframework.jdbc.datasource.DriverManagerDataSource@773bab84] of Hibernate SessionFactory for HibernateTransactionManager
[INFO] 2015-11-03 16:08:24,853 org.springframework.web.servlet.DispatcherServlet initServletBean - FrameworkServlet 'appServlet': initialization completed in 2725 ms
